\BOOKMARK [0][-]{part.1}{I Analysis of Simpson Island paleomagnetic data}{}% 1
\BOOKMARK [1][-]{section.1}{Introduction}{part.1}% 2
\BOOKMARK [1][-]{section.2}{Import libraries}{part.1}% 3
\BOOKMARK [1][-]{section.3}{Import Simpson Island paleomagnetic data}{part.1}% 4
\BOOKMARK [1][-]{section.4}{Comparison between data from the lower 1/3, middle 1/3 and upper 1/3 of Simpson Island stratigraphy}{part.1}% 5
\BOOKMARK [2][-]{subsection.4.1}{Test for a common mean between paleomagnetic data from the lower, middle and upper thirds of the stratigraphy}{section.4}% 6
\BOOKMARK [3][-]{subsubsection*.1}{Common mean tests between SI\137LowerThird\137Directions and SI\137MiddleThird\137Directions:}{subsection.4.1}% 7
\BOOKMARK [3][-]{subsubsection*.2}{Common mean tests between SI\137MiddleThird\137Directions and SI\137UpperThird\137Directions:}{subsection.4.1}% 8
\BOOKMARK [3][-]{subsubsection*.3}{Common mean tests between SI\137LowerThird\137Directions and SI\137UpperThird\137Directions:}{subsection.4.1}% 9
\BOOKMARK [2][-]{subsection.4.2}{Plotting the data stratigraphically}{section.4}% 10
\BOOKMARK [1][-]{section.5}{Comparing larger and smaller stratigraphic subsets of the Simpson Island data}{part.1}% 11
\BOOKMARK [2][-]{subsection.5.1}{Comparing data from the lowermost 500 meters to data from the uppermost 500 meters}{section.5}% 12
\BOOKMARK [2][-]{subsection.5.2}{Comparison between data from the lower 1/2 and upper 1/2 of Simpson Island stratigraphy}{section.5}% 13
\BOOKMARK [1][-]{section.6}{Calculating and plotting mean pole positions}{part.1}% 14
\BOOKMARK [2][-]{subsection.6.1}{Loading the basemap library in order to display maps and plot poles.}{section.6}% 15
\BOOKMARK [2][-]{subsection.6.2}{Comparision between data from Halls \(1974\) study and Simpson Island VGPs}{section.6}% 16
\BOOKMARK [3][-]{subsubsection*.4}{Common mean tests between Halls \(1974\) data and the data from the lower third of the Simpson Island stratigraphy}{subsection.6.2}% 17
\BOOKMARK [3][-]{subsubsection*.5}{Common mean tests between Halls \(1974\) data and the data from the upper third of the Simpson Island stratigraphy}{subsection.6.2}% 18
\BOOKMARK [3][-]{subsubsection*.6}{Combining the data from the upper third of the Simpson Island stratigraphy and the Halls \(1974\) reversed polarity data into a single pole for the upper portion of the reversed Osler Group stratigraphy}{subsection.6.2}% 19
\BOOKMARK [2][-]{subsection.6.3}{Paleogeographic work outside of this IPython notebook using the software package GPlates.}{section.6}% 20
\BOOKMARK [1][-]{section.7}{Lava flow thickness data}{part.1}% 21
\BOOKMARK [1][-]{section.8}{The IPmag.py library of functions}{part.1}% 22
