This is pdfTeX, Version 3.1415926-2.5-1.40.14 (TeX Live 2013) (format=pdflatex 2013.5.30)  18 APR 2014 17:59
entering extended mode
 restricted \write18 enabled.
 file:line:error style messages enabled.
 %&-line parsing enabled.
**2014_Osler_Data_Analysis.tex
(./2014_Osler_Data_Analysis.tex
LaTeX2e <2011/06/27>
Babel <3.9f> and hyphenation patterns for 78 languages loaded.
(/usr/local/texlive/2013/texmf-dist/tex/latex/base/article.cls
Document Class: article 2007/10/19 v1.4h Standard LaTeX document class
(/usr/local/texlive/2013/texmf-dist/tex/latex/base/size10.clo
File: size10.clo 2007/10/19 v1.4h Standard LaTeX file (size option)
)
\c@part=\count79
\c@section=\count80
\c@subsection=\count81
\c@subsubsection=\count82
\c@paragraph=\count83
\c@subparagraph=\count84
\c@figure=\count85
\c@table=\count86
\abovecaptionskip=\skip41
\belowcaptionskip=\skip42
\bibindent=\dimen102
) (/usr/local/texlive/2013/texmf-dist/tex/latex/booktabs/booktabs.sty
Package: booktabs 2005/04/14 v1.61803 publication quality tables
\heavyrulewidth=\dimen103
\lightrulewidth=\dimen104
\cmidrulewidth=\dimen105
\belowrulesep=\dimen106
\belowbottomsep=\dimen107
\aboverulesep=\dimen108
\abovetopsep=\dimen109
\cmidrulesep=\dimen110
\cmidrulekern=\dimen111
\defaultaddspace=\dimen112
\@cmidla=\count87
\@cmidlb=\count88
\@aboverulesep=\dimen113
\@belowrulesep=\dimen114
\@thisruleclass=\count89
\@lastruleclass=\count90
\@thisrulewidth=\dimen115
) (/usr/local/texlive/2013/texmf-dist/tex/latex/moresize/moresize.sty
Package: moresize 1999/07/26 v1.9 (more font sizes)
) (/usr/local/texlive/2013/texmf-dist/tex/latex/caption/caption.sty
Package: caption 2013/05/02 v3.3-89 Customizing captions (AR)
 (/usr/local/texlive/2013/texmf-dist/tex/latex/caption/caption3.sty
Package: caption3 2013/05/02 v1.6-88 caption3 kernel (AR)
Package caption3 Info: TeX engine: e-TeX on input line 57.
 (/usr/local/texlive/2013/texmf-dist/tex/latex/graphics/keyval.sty
Package: keyval 1999/03/16 v1.13 key=value parser (DPC)
\KV@toks@=\toks14
)
\captionmargin=\dimen116
\captionmargin@=\dimen117
\captionwidth=\dimen118
\caption@tempdima=\dimen119
\caption@indent=\dimen120
\caption@parindent=\dimen121
\caption@hangindent=\dimen122
)
\c@ContinuedFloat=\count91
) (/usr/local/texlive/2013/texmf-dist/tex/latex/graphics/graphicx.sty
Package: graphicx 1999/02/16 v1.0f Enhanced LaTeX Graphics (DPC,SPQR)
 (/usr/local/texlive/2013/texmf-dist/tex/latex/graphics/graphics.sty
Package: graphics 2009/02/05 v1.0o Standard LaTeX Graphics (DPC,SPQR)
 (/usr/local/texlive/2013/texmf-dist/tex/latex/graphics/trig.sty
Package: trig 1999/03/16 v1.09 sin cos tan (DPC)
) (/usr/local/texlive/2013/texmf-dist/tex/latex/latexconfig/graphics.cfg
File: graphics.cfg 2010/04/23 v1.9 graphics configuration of TeX Live
)
Package graphics Info: Driver file: pdftex.def on input line 91.
 (/usr/local/texlive/2013/texmf-dist/tex/latex/pdftex-def/pdftex.def
File: pdftex.def 2011/05/27 v0.06d Graphics/color for pdfTeX
 (/usr/local/texlive/2013/texmf-dist/tex/generic/oberdiek/infwarerr.sty
Package: infwarerr 2010/04/08 v1.3 Providing info/warning/error messages (HO)
) (/usr/local/texlive/2013/texmf-dist/tex/generic/oberdiek/ltxcmds.sty
Package: ltxcmds 2011/11/09 v1.22 LaTeX kernel commands for general use (HO)
)
\Gread@gobject=\count92
))
\Gin@req@height=\dimen123
\Gin@req@width=\dimen124
) (/usr/local/texlive/2013/texmf-dist/tex/latex/adjustbox/adjustbox.sty
Package: adjustbox 2012/05/21 v1.0 Adjusting TeX boxes (trim, clip, ...)
 (/usr/local/texlive/2013/texmf-dist/tex/latex/xkeyval/xkeyval.sty
Package: xkeyval 2012/10/14 v2.6b package option processing (HA)
 (/usr/local/texlive/2013/texmf-dist/tex/generic/xkeyval/xkeyval.tex
\XKV@toks=\toks15
\XKV@tempa@toks=\toks16
\XKV@depth=\count93
File: xkeyval.tex 2012/10/14 v2.6b key=value parser (HA)
)) (/usr/local/texlive/2013/texmf-dist/tex/latex/adjustbox/adjcalc.sty
Package: adjcalc 2012/05/16 v1.1 Provides advanced setlength with multiple back-ends (calc, etex, pgfmath)
) (/usr/local/texlive/2013/texmf-dist/tex/latex/adjustbox/trimclip.sty
Package: trimclip 2012/05/16 v1.0 Trim and clip general TeX material
 (/usr/local/texlive/2013/texmf-dist/tex/latex/collectbox/collectbox.sty
Package: collectbox 2012/05/17 v0.4b Collect macro arguments as boxes
\collectedbox=\box26
)
\tc@llx=\dimen125
\tc@lly=\dimen126
\tc@urx=\dimen127
\tc@ury=\dimen128
Package trimclip Info: Using driver 'tc-pdftex.def'.
 (/usr/local/texlive/2013/texmf-dist/tex/latex/adjustbox/tc-pdftex.def
File: tc-pdftex.def 2012/05/13 v1.0 Clipping driver for pdftex
))
\adjbox@Width=\dimen129
\adjbox@Height=\dimen130
\adjbox@Depth=\dimen131
\adjbox@Totalheight=\dimen132
 (/usr/local/texlive/2013/texmf-dist/tex/latex/ifoddpage/ifoddpage.sty
Package: ifoddpage 2011/09/13 v1.0 Conditionals for odd/even page detection
\c@checkoddpage=\count94
) (/usr/local/texlive/2013/texmf-dist/tex/latex/varwidth/varwidth.sty
Package: varwidth 2009/03/30 ver 0.92;  Variable-width minipages
\@vwid@box=\box27
\sift@deathcycles=\count95
\@vwid@loff=\dimen133
\@vwid@roff=\dimen134
)) (/usr/local/texlive/2013/texmf-dist/tex/latex/graphics/color.sty
Package: color 2005/11/14 v1.0j Standard LaTeX Color (DPC)
 (/usr/local/texlive/2013/texmf-dist/tex/latex/latexconfig/color.cfg
File: color.cfg 2007/01/18 v1.5 color configuration of teTeX/TeXLive
)
Package color Info: Driver file: pdftex.def on input line 130.
) (/usr/local/texlive/2013/texmf-dist/tex/latex/tools/enumerate.sty
Package: enumerate 1999/03/05 v3.00 enumerate extensions (DPC)
\@enLab=\toks17
) (/usr/local/texlive/2013/texmf-dist/tex/latex/geometry/geometry.sty
Package: geometry 2010/09/12 v5.6 Page Geometry
 (/usr/local/texlive/2013/texmf-dist/tex/generic/oberdiek/ifpdf.sty
Package: ifpdf 2011/01/30 v2.3 Provides the ifpdf switch (HO)
Package ifpdf Info: pdfTeX in PDF mode is detected.
) (/usr/local/texlive/2013/texmf-dist/tex/generic/oberdiek/ifvtex.sty
Package: ifvtex 2010/03/01 v1.5 Detect VTeX and its facilities (HO)
Package ifvtex Info: VTeX not detected.
) (/usr/local/texlive/2013/texmf-dist/tex/generic/ifxetex/ifxetex.sty
Package: ifxetex 2010/09/12 v0.6 Provides ifxetex conditional
)
\Gm@cnth=\count96
\Gm@cntv=\count97
\c@Gm@tempcnt=\count98
\Gm@bindingoffset=\dimen135
\Gm@wd@mp=\dimen136
\Gm@odd@mp=\dimen137
\Gm@even@mp=\dimen138
\Gm@layoutwidth=\dimen139
\Gm@layoutheight=\dimen140
\Gm@layouthoffset=\dimen141
\Gm@layoutvoffset=\dimen142
\Gm@dimlist=\toks18
)
(/usr/local/texlive/2013/texmf-dist/tex/latex/amsmath/amsmath.sty
Package: amsmath 2013/01/14 v2.14 AMS math features
\@mathmargin=\skip43

For additional information on amsmath, use the `?' option.
(/usr/local/texlive/2013/texmf-dist/tex/latex/amsmath/amstext.sty
Package: amstext 2000/06/29 v2.01
 (/usr/local/texlive/2013/texmf-dist/tex/latex/amsmath/amsgen.sty
File: amsgen.sty 1999/11/30 v2.0
\@emptytoks=\toks19
\ex@=\dimen143
)) (/usr/local/texlive/2013/texmf-dist/tex/latex/amsmath/amsbsy.sty
Package: amsbsy 1999/11/29 v1.2d
\pmbraise@=\dimen144
) (/usr/local/texlive/2013/texmf-dist/tex/latex/amsmath/amsopn.sty
Package: amsopn 1999/12/14 v2.01 operator names
)
\inf@bad=\count99
LaTeX Info: Redefining \frac on input line 210.
\uproot@=\count100
\leftroot@=\count101
LaTeX Info: Redefining \overline on input line 306.
\classnum@=\count102
\DOTSCASE@=\count103
LaTeX Info: Redefining \ldots on input line 378.
LaTeX Info: Redefining \dots on input line 381.
LaTeX Info: Redefining \cdots on input line 466.
\Mathstrutbox@=\box28
\strutbox@=\box29
\big@size=\dimen145
LaTeX Font Info:    Redeclaring font encoding OML on input line 566.
LaTeX Font Info:    Redeclaring font encoding OMS on input line 567.
\macc@depth=\count104
\c@MaxMatrixCols=\count105
\dotsspace@=\muskip10
\c@parentequation=\count106
\dspbrk@lvl=\count107
\tag@help=\toks20
\row@=\count108
\column@=\count109
\maxfields@=\count110
\andhelp@=\toks21
\eqnshift@=\dimen146
\alignsep@=\dimen147
\tagshift@=\dimen148
\tagwidth@=\dimen149
\totwidth@=\dimen150
\lineht@=\dimen151
\@envbody=\toks22
\multlinegap=\skip44
\multlinetaggap=\skip45
\mathdisplay@stack=\toks23
LaTeX Info: Redefining \[ on input line 2665.
LaTeX Info: Redefining \] on input line 2666.
) (/usr/local/texlive/2013/texmf-dist/tex/latex/amsfonts/amssymb.sty
Package: amssymb 2013/01/14 v3.01 AMS font symbols
 (/usr/local/texlive/2013/texmf-dist/tex/latex/amsfonts/amsfonts.sty
Package: amsfonts 2013/01/14 v3.01 Basic AMSFonts support
\symAMSa=\mathgroup4
\symAMSb=\mathgroup5
LaTeX Font Info:    Overwriting math alphabet `\mathfrak' in version `bold'
(Font)                  U/euf/m/n --> U/euf/b/n on input line 106.
)) (/usr/local/texlive/2013/texmf-dist/tex/latex/ucs/ucs.sty
Package: ucs 2013/05/11 v2.2 UCS: Unicode input support
 (/usr/local/texlive/2013/texmf-dist/tex/latex/ucs/data/uni-global.def
File: uni-global.def 2013/05/13 UCS: Unicode global data
)
\uc@secondtry=\count111
\uc@combtoks=\toks24
\uc@combtoksb=\toks25
\uc@temptokena=\toks26
) (/usr/local/texlive/2013/texmf-dist/tex/latex/base/inputenc.sty
Package: inputenc 2008/03/30 v1.1d Input encoding file
\inpenc@prehook=\toks27
\inpenc@posthook=\toks28
 (/usr/local/texlive/2013/texmf-dist/tex/latex/ucs/utf8x.def
File: utf8x.def 2004/10/17 UCS: Input encoding UTF-8
)) (/usr/local/texlive/2013/texmf-dist/tex/latex/fancyvrb/fancyvrb.sty
Package: fancyvrb 2008/02/07
 Style option: `fancyvrb' v2.7a, with DG/SPQR fixes, and firstline=lastline fix <2008/02/07> (tvz)
\FV@CodeLineNo=\count112
\FV@InFile=\read1
\FV@TabBox=\box30
\c@FancyVerbLine=\count113
\FV@StepNumber=\count114
\FV@OutFile=\write3
) (/usr/local/texlive/2013/texmf-dist/tex/latex/oberdiek/grffile.sty
Package: grffile 2012/04/05 v1.16 Extended file name support for graphics (HO)
 (/usr/local/texlive/2013/texmf-dist/tex/latex/oberdiek/kvoptions.sty
Package: kvoptions 2011/06/30 v3.11 Key value format for package options (HO)
 (/usr/local/texlive/2013/texmf-dist/tex/generic/oberdiek/kvsetkeys.sty
Package: kvsetkeys 2012/04/25 v1.16 Key value parser (HO)
 (/usr/local/texlive/2013/texmf-dist/tex/generic/oberdiek/etexcmds.sty
Package: etexcmds 2011/02/16 v1.5 Avoid name clashes with e-TeX commands (HO)
 (/usr/local/texlive/2013/texmf-dist/tex/generic/oberdiek/ifluatex.sty
Package: ifluatex 2010/03/01 v1.3 Provides the ifluatex switch (HO)
Package ifluatex Info: LuaTeX not detected.
)
Package etexcmds Info: Could not find \expanded.
(etexcmds)             That can mean that you are not using pdfTeX 1.50 or
(etexcmds)             that some package has redefined \expanded.
(etexcmds)             In the latter case, load this package earlier.
))) (/usr/local/texlive/2013/texmf-dist/tex/generic/oberdiek/pdftexcmds.sty
Package: pdftexcmds 2011/11/29 v0.20 Utility functions of pdfTeX for LuaTeX (HO)
Package pdftexcmds Info: LuaTeX not detected.
Package pdftexcmds Info: \pdf@primitive is available.
Package pdftexcmds Info: \pdf@ifprimitive is available.
Package pdftexcmds Info: \pdfdraftmode found.
)
Package grffile Info: Option `multidot' is set to `true'.
Package grffile Info: Option `extendedchars' is set to `false'.
Package grffile Info: Option `space' is set to `true'.
Package grffile Info: \Gin@ii of package `graphicx' fixed on input line 486.
) (/usr/local/texlive/2013/texmf-dist/tex/latex/hyperref/hyperref.sty
Package: hyperref 2012/11/06 v6.83m Hypertext links for LaTeX
 (/usr/local/texlive/2013/texmf-dist/tex/generic/oberdiek/hobsub-hyperref.sty
Package: hobsub-hyperref 2012/05/28 v1.13 Bundle oberdiek, subset hyperref (HO)
 (/usr/local/texlive/2013/texmf-dist/tex/generic/oberdiek/hobsub-generic.sty
Package: hobsub-generic 2012/05/28 v1.13 Bundle oberdiek, subset generic (HO)
Package: hobsub 2012/05/28 v1.13 Construct package bundles (HO)
Package hobsub Info: Skipping package `infwarerr' (already loaded).
Package hobsub Info: Skipping package `ltxcmds' (already loaded).
Package hobsub Info: Skipping package `ifluatex' (already loaded).
Package hobsub Info: Skipping package `ifvtex' (already loaded).
Package: intcalc 2007/09/27 v1.1 Expandable calculations with integers (HO)
Package hobsub Info: Skipping package `ifpdf' (already loaded).
Package hobsub Info: Skipping package `etexcmds' (already loaded).
Package hobsub Info: Skipping package `kvsetkeys' (already loaded).
Package: kvdefinekeys 2011/04/07 v1.3 Define keys (HO)
Package hobsub Info: Skipping package `pdftexcmds' (already loaded).
Package: pdfescape 2011/11/25 v1.13 Implements pdfTeX's escape features (HO)
Package: bigintcalc 2012/04/08 v1.3 Expandable calculations on big integers (HO)
Package: bitset 2011/01/30 v1.1 Handle bit-vector datatype (HO)
Package: uniquecounter 2011/01/30 v1.2 Provide unlimited unique counter (HO)
)
Package hobsub Info: Skipping package `hobsub' (already loaded).
Package: letltxmacro 2010/09/02 v1.4 Let assignment for LaTeX macros (HO)
Package: hopatch 2012/05/28 v1.2 Wrapper for package hooks (HO)
Package: xcolor-patch 2011/01/30 xcolor patch
Package: atveryend 2011/06/30 v1.8 Hooks at the very end of document (HO)
Package atveryend Info: \enddocument detected (standard20110627).
Package: atbegshi 2011/10/05 v1.16 At begin shipout hook (HO)
Package: refcount 2011/10/16 v3.4 Data extraction from label references (HO)
Package: hycolor 2011/01/30 v1.7 Color options for hyperref/bookmark (HO)
) (/usr/local/texlive/2013/texmf-dist/tex/latex/oberdiek/auxhook.sty
Package: auxhook 2011/03/04 v1.3 Hooks for auxiliary files (HO)
)
\@linkdim=\dimen152
\Hy@linkcounter=\count115
\Hy@pagecounter=\count116
 (/usr/local/texlive/2013/texmf-dist/tex/latex/hyperref/pd1enc.def
File: pd1enc.def 2012/11/06 v6.83m Hyperref: PDFDocEncoding definition (HO)
)
\Hy@SavedSpaceFactor=\count117
 (/usr/local/texlive/2013/texmf-dist/tex/latex/latexconfig/hyperref.cfg
File: hyperref.cfg 2002/06/06 v1.2 hyperref configuration of TeXLive
)
Package hyperref Info: Hyper figures OFF on input line 4443.
Package hyperref Info: Link nesting OFF on input line 4448.
Package hyperref Info: Hyper index ON on input line 4451.
Package hyperref Info: Plain pages OFF on input line 4458.
Package hyperref Info: Backreferencing OFF on input line 4463.
Package hyperref Info: Implicit mode ON; LaTeX internals redefined.
Package hyperref Info: Bookmarks ON on input line 4688.
\c@Hy@tempcnt=\count118
 (/usr/local/texlive/2013/texmf-dist/tex/latex/url/url.sty
\Urlmuskip=\muskip11
Package: url 2006/04/12  ver 3.3  Verb mode for urls, etc.
)
LaTeX Info: Redefining \url on input line 5041.
\XeTeXLinkMargin=\dimen153
\Fld@menulength=\count119
\Field@Width=\dimen154
\Fld@charsize=\dimen155
Package hyperref Info: Hyper figures OFF on input line 6295.
Package hyperref Info: Link nesting OFF on input line 6300.
Package hyperref Info: Hyper index ON on input line 6303.
Package hyperref Info: backreferencing OFF on input line 6310.
Package hyperref Info: Link coloring OFF on input line 6315.
Package hyperref Info: Link coloring with OCG OFF on input line 6320.
Package hyperref Info: PDF/A mode OFF on input line 6325.
LaTeX Info: Redefining \ref on input line 6365.
LaTeX Info: Redefining \pageref on input line 6369.
\Hy@abspage=\count120
\c@Item=\count121
\c@Hfootnote=\count122
)

Package hyperref Message: Driver (autodetected): hpdftex.

(/usr/local/texlive/2013/texmf-dist/tex/latex/hyperref/hpdftex.def
File: hpdftex.def 2012/11/06 v6.83m Hyperref driver for pdfTeX
\Fld@listcount=\count123
\c@bookmark@seq@number=\count124
 (/usr/local/texlive/2013/texmf-dist/tex/latex/oberdiek/rerunfilecheck.sty
Package: rerunfilecheck 2011/04/15 v1.7 Rerun checks for auxiliary files (HO)
Package uniquecounter Info: New unique counter `rerunfilecheck' on input line 282.
)
\Hy@SectionHShift=\skip46
) (/usr/local/texlive/2013/texmf-dist/tex/latex/tools/longtable.sty
Package: longtable 2004/02/01 v4.11 Multi-page Table package (DPC)
\LTleft=\skip47
\LTright=\skip48
\LTpre=\skip49
\LTpost=\skip50
\LTchunksize=\count125
\LTcapwidth=\dimen156
\LT@head=\box31
\LT@firsthead=\box32
\LT@foot=\box33
\LT@lastfoot=\box34
\LT@cols=\count126
\LT@rows=\count127
\c@LT@tables=\count128
\c@LT@chunks=\count129
\LT@p@ftn=\toks29
)
Package color Info: Redefining color red on input line 51.
Package color Info: Redefining color green on input line 52.
Package color Info: Redefining color blue on input line 54.
Package color Info: Redefining color cyan on input line 56.
Package color Info: Redefining color lightgray on input line 57.
Package hyperref Info: Option `breaklinks' set `true' on input line 211.
Package hyperref Info: Option `colorlinks' set `true' on input line 211.
 (/Users/polarwander/2014_Swanson-Hysell-et-al_Osler/2014_Osler_Code/.texpadtmp/2014_Osler_Data_Analysis.aux)
\openout1 = `2014_Osler_Data_Analysis.aux'.

LaTeX Font Info:    Checking defaults for OML/cmm/m/it on input line 218.
LaTeX Font Info:    ... okay on input line 218.
LaTeX Font Info:    Checking defaults for T1/cmr/m/n on input line 218.
LaTeX Font Info:    ... okay on input line 218.
LaTeX Font Info:    Checking defaults for OT1/cmr/m/n on input line 218.
LaTeX Font Info:    ... okay on input line 218.
LaTeX Font Info:    Checking defaults for OMS/cmsy/m/n on input line 218.
LaTeX Font Info:    ... okay on input line 218.
LaTeX Font Info:    Checking defaults for OMX/cmex/m/n on input line 218.
LaTeX Font Info:    ... okay on input line 218.
LaTeX Font Info:    Checking defaults for U/cmr/m/n on input line 218.
LaTeX Font Info:    ... okay on input line 218.
LaTeX Font Info:    Checking defaults for PD1/pdf/m/n on input line 218.
LaTeX Font Info:    ... okay on input line 218.
Package caption Info: Begin \AtBeginDocument code.
Package caption Info: hyperref package is loaded.
Package caption Info: longtable package is loaded.
 (/usr/local/texlive/2013/texmf-dist/tex/latex/caption/ltcaption.sty
Package: ltcaption 2013/02/03 v1.3-62 longtable captions (AR)
)
Package caption Info: End \AtBeginDocument code.
 (/usr/local/texlive/2013/texmf-dist/tex/context/base/supp-pdf.mkii
[Loading MPS to PDF converter (version 2006.09.02).]
\scratchcounter=\count130
\scratchdimen=\dimen157
\scratchbox=\box35
\nofMPsegments=\count131
\nofMParguments=\count132
\everyMPshowfont=\toks30
\MPscratchCnt=\count133
\MPscratchDim=\dimen158
\MPnumerator=\count134
\makeMPintoPDFobject=\count135
\everyMPtoPDFconversion=\toks31
) (/usr/local/texlive/2013/texmf-dist/tex/latex/oberdiek/epstopdf-base.sty
Package: epstopdf-base 2010/02/09 v2.5 Base part for package epstopdf
 (/usr/local/texlive/2013/texmf-dist/tex/latex/oberdiek/grfext.sty
Package: grfext 2010/08/19 v1.1 Manage graphics extensions (HO)
)
Package grfext Info: Graphics extension search list:
(grfext)             [.png,.pdf,.jpg,.mps,.jpeg,.jbig2,.jb2,.PNG,.PDF,.JPG,.JPEG,.JBIG2,.JB2,.eps]
(grfext)             \AppendGraphicsExtensions on input line 452.
 (/usr/local/texlive/2013/texmf-dist/tex/latex/latexconfig/epstopdf-sys.cfg
File: epstopdf-sys.cfg 2010/07/13 v1.3 Configuration of (r)epstopdf for TeX Live
))
*geometry* driver: auto-detecting
*geometry* detected driver: pdftex

Package geometry Warning: The marginal notes overrun the paper.
     Add 3.73001pt and more to the right margin.

*geometry* verbose mode - [ preamble ] result:
* driver: pdftex
* paper: <default>
* layout: <same size as paper>
* layoutoffset:(h,v)=(0.0pt,0.0pt)
* modes: 
* h-part:(L,W,R)=(72.26999pt, 469.75502pt, 72.26999pt)
* v-part:(T,H,B)=(72.26999pt, 650.43001pt, 72.26999pt)
* \paperwidth=614.295pt
* \paperheight=794.96999pt
* \textwidth=469.75502pt
* \textheight=650.43001pt
* \oddsidemargin=0.0pt
* \evensidemargin=0.0pt
* \topmargin=-37.0pt
* \headheight=12.0pt
* \headsep=25.0pt
* \topskip=10.0pt
* \footskip=30.0pt
* \marginparwidth=65.0pt
* \marginparsep=11.0pt
* \columnsep=10.0pt
* \skip\footins=9.0pt plus 4.0pt minus 2.0pt
* \hoffset=0.0pt
* \voffset=0.0pt
* \mag=1000
* \@twocolumnfalse
* \@twosidefalse
* \@mparswitchfalse
* \@reversemarginfalse
* (1in=72.27pt=25.4mm, 1cm=28.453pt)

(/usr/local/texlive/2013/texmf-dist/tex/latex/ucs/ucsencs.def
File: ucsencs.def 2011/01/21 Fixes to fontencodings LGR, T3
)
\AtBeginShipoutBox=\box36
Package hyperref Info: Link coloring ON on input line 218.
 (/usr/local/texlive/2013/texmf-dist/tex/latex/hyperref/nameref.sty
Package: nameref 2012/10/27 v2.43 Cross-referencing by name of section
 (/usr/local/texlive/2013/texmf-dist/tex/generic/oberdiek/gettitlestring.sty
Package: gettitlestring 2010/12/03 v1.4 Cleanup title references (HO)
)
\c@section@level=\count136
)
LaTeX Info: Redefining \ref on input line 218.
LaTeX Info: Redefining \pageref on input line 218.
LaTeX Info: Redefining \nameref on input line 218.
 (/Users/polarwander/2014_Swanson-Hysell-et-al_Osler/2014_Osler_Code/.texpadtmp/2014_Osler_Data_Analysis.out) (/Users/polarwander/2014_Swanson-Hysell-et-al_Osler/2014_Osler_Code/.texpadtmp/2014_Osler_Data_Analysis.out)
\@outlinefile=\write4
\openout4 = `2014_Osler_Data_Analysis.out'.

 (/usr/local/texlive/2013/texmf-dist/tex/latex/ucs/data/uni-32.def
File: uni-32.def 2013/05/13 UCS: Unicode data U+2000..U+20FF
)
LaTeX Font Info:    Try loading font information for U+msa on input line 222.
 (/usr/local/texlive/2013/texmf-dist/tex/latex/amsfonts/umsa.fd
File: umsa.fd 2013/01/14 v3.01 AMS symbols A
)
LaTeX Font Info:    Try loading font information for U+msb on input line 222.
 (/usr/local/texlive/2013/texmf-dist/tex/latex/amsfonts/umsb.fd
File: umsb.fd 2013/01/14 v3.01 AMS symbols B
)

LaTeX Warning: No \author given.

LaTeX Font Info:    Font shape `OT1/cmtt/bx/n' in size <10> not available
(Font)              Font shape `OT1/cmtt/m/n' tried instead on input line 291.
[1

{/usr/local/texlive/2013/texmf-var/fonts/map/pdftex/updmap/pdftex.map}] [2] (./OslerData.txt) [3

] [4] <2014_Osler_Data_Analysis_files/2014_Osler_Data_Analysis_16_1.png, id=155, 657.45625pt x 674.52pt>
File: 2014_Osler_Data_Analysis_files/2014_Osler_Data_Analysis_16_1.png Graphic file (type png)
 <use 2014_Osler_Data_Analysis_files/2014_Osler_Data_Analysis_16_1.png>
Package pdftex.def Info: 2014_Osler_Data_Analysis_files/2014_Osler_Data_Analysis_16_1.png used on input line 477.
(pdftex.def)             Requested size: 657.45465pt x 674.51836pt.
 [5]
Underfull \hbox (badness 10000) in paragraph at lines 479--480

 []

[6 <./2014_Osler_Data_Analysis_files/2014_Osler_Data_Analysis_16_1.png>]
Underfull \hbox (badness 10000) in paragraph at lines 524--524
[]\OT1/cmr/bx/n/10 Common mean tests be-tween SI[]LowerThird[]Directions and
 []

<2014_Osler_Data_Analysis_files/2014_Osler_Data_Analysis_20_1.png, id=170, 225.84375pt x 215.80624pt>
File: 2014_Osler_Data_Analysis_files/2014_Osler_Data_Analysis_20_1.png Graphic file (type png)
 <use 2014_Osler_Data_Analysis_files/2014_Osler_Data_Analysis_20_1.png>
Package pdftex.def Info: 2014_Osler_Data_Analysis_files/2014_Osler_Data_Analysis_20_1.png used on input line 554.
(pdftex.def)             Requested size: 225.84319pt x 215.80571pt.

Underfull \hbox (badness 10000) in paragraph at lines 556--557

 []

<2014_Osler_Data_Analysis_files/2014_Osler_Data_Analysis_20_2.png, id=171, 225.84375pt x 215.80624pt>
File: 2014_Osler_Data_Analysis_files/2014_Osler_Data_Analysis_20_2.png Graphic file (type png)
 <use 2014_Osler_Data_Analysis_files/2014_Osler_Data_Analysis_20_2.png>
Package pdftex.def Info: 2014_Osler_Data_Analysis_files/2014_Osler_Data_Analysis_20_2.png used on input line 559.
(pdftex.def)             Requested size: 225.84319pt x 215.80571pt.
 [7 <./2014_Osler_Data_Analysis_files/2014_Osler_Data_Analysis_20_1.png>]
Underfull \hbox (badness 10000) in paragraph at lines 561--562

 []

<2014_Osler_Data_Analysis_files/2014_Osler_Data_Analysis_20_3.png, id=179, 230.8625pt x 215.80624pt>
File: 2014_Osler_Data_Analysis_files/2014_Osler_Data_Analysis_20_3.png Graphic file (type png)
 <use 2014_Osler_Data_Analysis_files/2014_Osler_Data_Analysis_20_3.png>
Package pdftex.def Info: 2014_Osler_Data_Analysis_files/2014_Osler_Data_Analysis_20_3.png used on input line 564.
(pdftex.def)             Requested size: 230.86192pt x 215.80571pt.

Underfull \hbox (badness 10000) in paragraph at lines 566--567

 []


Underfull \hbox (badness 10000) in paragraph at lines 570--570
[]\OT1/cmr/bx/n/10 Common mean tests be-tween SI[]MiddleThird[]Directions and
 []

[8 <./2014_Osler_Data_Analysis_files/2014_Osler_Data_Analysis_20_2.png> <./2014_Osler_Data_Analysis_files/2014_Osler_Data_Analysis_20_3.png>] <2014_Osler_Data_Analysis_files/2014_Osler_Data_Analysis_22_1.png, id=187, 226.8475pt x 215.80624pt>
File: 2014_Osler_Data_Analysis_files/2014_Osler_Data_Analysis_22_1.png Graphic file (type png)
 <use 2014_Osler_Data_Analysis_files/2014_Osler_Data_Analysis_22_1.png>
Package pdftex.def Info: 2014_Osler_Data_Analysis_files/2014_Osler_Data_Analysis_22_1.png used on input line 600.
(pdftex.def)             Requested size: 226.84694pt x 215.80571pt.

Underfull \hbox (badness 10000) in paragraph at lines 602--603

 []

<2014_Osler_Data_Analysis_files/2014_Osler_Data_Analysis_22_2.png, id=188, 225.84375pt x 215.80624pt>
File: 2014_Osler_Data_Analysis_files/2014_Osler_Data_Analysis_22_2.png Graphic file (type png)
 <use 2014_Osler_Data_Analysis_files/2014_Osler_Data_Analysis_22_2.png>
Package pdftex.def Info: 2014_Osler_Data_Analysis_files/2014_Osler_Data_Analysis_22_2.png used on input line 605.
(pdftex.def)             Requested size: 225.84319pt x 215.80571pt.

Underfull \hbox (badness 10000) in paragraph at lines 607--608

 []

[9 <./2014_Osler_Data_Analysis_files/2014_Osler_Data_Analysis_22_1.png> <./2014_Osler_Data_Analysis_files/2014_Osler_Data_Analysis_22_2.png>] <2014_Osler_Data_Analysis_files/2014_Osler_Data_Analysis_22_3.png, id=195, 229.85875pt x 215.80624pt>
File: 2014_Osler_Data_Analysis_files/2014_Osler_Data_Analysis_22_3.png Graphic file (type png)
 <use 2014_Osler_Data_Analysis_files/2014_Osler_Data_Analysis_22_3.png>
Package pdftex.def Info: 2014_Osler_Data_Analysis_files/2014_Osler_Data_Analysis_22_3.png used on input line 610.
(pdftex.def)             Requested size: 229.85817pt x 215.80571pt.

Underfull \hbox (badness 10000) in paragraph at lines 612--613

 []

<2014_Osler_Data_Analysis_files/2014_Osler_Data_Analysis_24_1.png, id=196, 225.84375pt x 215.80624pt>
File: 2014_Osler_Data_Analysis_files/2014_Osler_Data_Analysis_24_1.png Graphic file (type png)
 <use 2014_Osler_Data_Analysis_files/2014_Osler_Data_Analysis_24_1.png>
Package pdftex.def Info: 2014_Osler_Data_Analysis_files/2014_Osler_Data_Analysis_24_1.png used on input line 644.
(pdftex.def)             Requested size: 225.84319pt x 215.80571pt.
 [10 <./2014_Osler_Data_Analysis_files/2014_Osler_Data_Analysis_22_3.png>]
Underfull \hbox (badness 10000) in paragraph at lines 646--647

 []

<2014_Osler_Data_Analysis_files/2014_Osler_Data_Analysis_24_2.png, id=202, 225.84375pt x 215.80624pt>
File: 2014_Osler_Data_Analysis_files/2014_Osler_Data_Analysis_24_2.png Graphic file (type png)
 <use 2014_Osler_Data_Analysis_files/2014_Osler_Data_Analysis_24_2.png>
Package pdftex.def Info: 2014_Osler_Data_Analysis_files/2014_Osler_Data_Analysis_24_2.png used on input line 649.
(pdftex.def)             Requested size: 225.84319pt x 215.80571pt.

Underfull \hbox (badness 10000) in paragraph at lines 651--652

 []

<2014_Osler_Data_Analysis_files/2014_Osler_Data_Analysis_24_3.png, id=203, 229.85875pt x 215.80624pt>
File: 2014_Osler_Data_Analysis_files/2014_Osler_Data_Analysis_24_3.png Graphic file (type png)
 <use 2014_Osler_Data_Analysis_files/2014_Osler_Data_Analysis_24_3.png>
Package pdftex.def Info: 2014_Osler_Data_Analysis_files/2014_Osler_Data_Analysis_24_3.png used on input line 654.
(pdftex.def)             Requested size: 229.85817pt x 215.80571pt.
 [11 <./2014_Osler_Data_Analysis_files/2014_Osler_Data_Analysis_24_1.png> <./2014_Osler_Data_Analysis_files/2014_Osler_Data_Analysis_24_2.png>]
Underfull \hbox (badness 10000) in paragraph at lines 656--657

 []

<2014_Osler_Data_Analysis_files/2014_Osler_Data_Analysis_29_1.png, id=210, 229.85875pt x 215.80624pt>
File: 2014_Osler_Data_Analysis_files/2014_Osler_Data_Analysis_29_1.png Graphic file (type png)
 <use 2014_Osler_Data_Analysis_files/2014_Osler_Data_Analysis_29_1.png>
Package pdftex.def Info: 2014_Osler_Data_Analysis_files/2014_Osler_Data_Analysis_29_1.png used on input line 705.
(pdftex.def)             Requested size: 229.85817pt x 215.80571pt.
 [12 <./2014_Osler_Data_Analysis_files/2014_Osler_Data_Analysis_24_3.png>]
Underfull \hbox (badness 10000) in paragraph at lines 707--708

 []

<2014_Osler_Data_Analysis_files/2014_Osler_Data_Analysis_29_2.png, id=216, 229.85875pt x 215.80624pt>
File: 2014_Osler_Data_Analysis_files/2014_Osler_Data_Analysis_29_2.png Graphic file (type png)
 <use 2014_Osler_Data_Analysis_files/2014_Osler_Data_Analysis_29_2.png>
Package pdftex.def Info: 2014_Osler_Data_Analysis_files/2014_Osler_Data_Analysis_29_2.png used on input line 710.
(pdftex.def)             Requested size: 229.85817pt x 215.80571pt.

Underfull \hbox (badness 10000) in paragraph at lines 712--713

 []

<2014_Osler_Data_Analysis_files/2014_Osler_Data_Analysis_29_3.png, id=217, 226.8475pt x 215.80624pt>
File: 2014_Osler_Data_Analysis_files/2014_Osler_Data_Analysis_29_3.png Graphic file (type png)
 <use 2014_Osler_Data_Analysis_files/2014_Osler_Data_Analysis_29_3.png>
Package pdftex.def Info: 2014_Osler_Data_Analysis_files/2014_Osler_Data_Analysis_29_3.png used on input line 715.
(pdftex.def)             Requested size: 226.84694pt x 215.80571pt.
 [13 <./2014_Osler_Data_Analysis_files/2014_Osler_Data_Analysis_29_1.png> <./2014_Osler_Data_Analysis_files/2014_Osler_Data_Analysis_29_2.png>]
Underfull \hbox (badness 10000) in paragraph at lines 717--718

 []

[14 <./2014_Osler_Data_Analysis_files/2014_Osler_Data_Analysis_29_3.png>] <2014_Osler_Data_Analysis_files/2014_Osler_Data_Analysis_33_0.png, id=230, 513.92pt x 603.25375pt>
File: 2014_Osler_Data_Analysis_files/2014_Osler_Data_Analysis_33_0.png Graphic file (type png)
 <use 2014_Osler_Data_Analysis_files/2014_Osler_Data_Analysis_33_0.png>
Package pdftex.def Info: 2014_Osler_Data_Analysis_files/2014_Osler_Data_Analysis_33_0.png used on input line 782.
(pdftex.def)             Requested size: 513.91873pt x 603.25227pt.
 [15]
Underfull \hbox (badness 10000) in paragraph at lines 784--785

 []

[16 <./2014_Osler_Data_Analysis_files/2014_Osler_Data_Analysis_33_0.png>] <2014_Osler_Data_Analysis_files/2014_Osler_Data_Analysis_38_1.png, id=240, 226.8475pt x 215.80624pt>
File: 2014_Osler_Data_Analysis_files/2014_Osler_Data_Analysis_38_1.png Graphic file (type png)
 <use 2014_Osler_Data_Analysis_files/2014_Osler_Data_Analysis_38_1.png>
Package pdftex.def Info: 2014_Osler_Data_Analysis_files/2014_Osler_Data_Analysis_38_1.png used on input line 860.
(pdftex.def)             Requested size: 226.84694pt x 215.80571pt.
 [17]
Underfull \hbox (badness 10000) in paragraph at lines 862--863

 []

<2014_Osler_Data_Analysis_files/2014_Osler_Data_Analysis_38_2.png, id=245, 225.84375pt x 215.80624pt>
File: 2014_Osler_Data_Analysis_files/2014_Osler_Data_Analysis_38_2.png Graphic file (type png)
 <use 2014_Osler_Data_Analysis_files/2014_Osler_Data_Analysis_38_2.png>
Package pdftex.def Info: 2014_Osler_Data_Analysis_files/2014_Osler_Data_Analysis_38_2.png used on input line 865.
(pdftex.def)             Requested size: 225.84319pt x 215.80571pt.

Underfull \hbox (badness 10000) in paragraph at lines 867--868

 []

<2014_Osler_Data_Analysis_files/2014_Osler_Data_Analysis_38_3.png, id=246, 229.85875pt x 215.80624pt>
File: 2014_Osler_Data_Analysis_files/2014_Osler_Data_Analysis_38_3.png Graphic file (type png)
 <use 2014_Osler_Data_Analysis_files/2014_Osler_Data_Analysis_38_3.png>
Package pdftex.def Info: 2014_Osler_Data_Analysis_files/2014_Osler_Data_Analysis_38_3.png used on input line 870.
(pdftex.def)             Requested size: 229.85817pt x 215.80571pt.
 [18 <./2014_Osler_Data_Analysis_files/2014_Osler_Data_Analysis_38_1.png> <./2014_Osler_Data_Analysis_files/2014_Osler_Data_Analysis_38_2.png>]
Underfull \hbox (badness 10000) in paragraph at lines 872--873

 []

[19 <./2014_Osler_Data_Analysis_files/2014_Osler_Data_Analysis_38_3.png>] <2014_Osler_Data_Analysis_files/2014_Osler_Data_Analysis_42_1.png, id=259, 225.84375pt x 215.80624pt>
File: 2014_Osler_Data_Analysis_files/2014_Osler_Data_Analysis_42_1.png Graphic file (type png)
 <use 2014_Osler_Data_Analysis_files/2014_Osler_Data_Analysis_42_1.png>
Package pdftex.def Info: 2014_Osler_Data_Analysis_files/2014_Osler_Data_Analysis_42_1.png used on input line 950.
(pdftex.def)             Requested size: 225.84319pt x 215.80571pt.

Underfull \hbox (badness 10000) in paragraph at lines 952--953

 []

<2014_Osler_Data_Analysis_files/2014_Osler_Data_Analysis_42_2.png, id=260, 225.84375pt x 215.80624pt>
File: 2014_Osler_Data_Analysis_files/2014_Osler_Data_Analysis_42_2.png Graphic file (type png)
 <use 2014_Osler_Data_Analysis_files/2014_Osler_Data_Analysis_42_2.png>
Package pdftex.def Info: 2014_Osler_Data_Analysis_files/2014_Osler_Data_Analysis_42_2.png used on input line 955.
(pdftex.def)             Requested size: 225.84319pt x 215.80571pt.
 [20 <./2014_Osler_Data_Analysis_files/2014_Osler_Data_Analysis_42_1.png>]
Underfull \hbox (badness 10000) in paragraph at lines 957--958

 []

<2014_Osler_Data_Analysis_files/2014_Osler_Data_Analysis_42_3.png, id=266, 230.8625pt x 215.80624pt>
File: 2014_Osler_Data_Analysis_files/2014_Osler_Data_Analysis_42_3.png Graphic file (type png)
 <use 2014_Osler_Data_Analysis_files/2014_Osler_Data_Analysis_42_3.png>
Package pdftex.def Info: 2014_Osler_Data_Analysis_files/2014_Osler_Data_Analysis_42_3.png used on input line 960.
(pdftex.def)             Requested size: 230.86192pt x 215.80571pt.

Underfull \hbox (badness 10000) in paragraph at lines 962--963

 []

[21 <./2014_Osler_Data_Analysis_files/2014_Osler_Data_Analysis_42_2.png> <./2014_Osler_Data_Analysis_files/2014_Osler_Data_Analysis_42_3.png>] <2014_Osler_Data_Analysis_files/2014_Osler_Data_Analysis_45_1.png, id=273, 731.73375pt x 461.725pt>
File: 2014_Osler_Data_Analysis_files/2014_Osler_Data_Analysis_45_1.png Graphic file (type png)
 <use 2014_Osler_Data_Analysis_files/2014_Osler_Data_Analysis_45_1.png>
Package pdftex.def Info: 2014_Osler_Data_Analysis_files/2014_Osler_Data_Analysis_45_1.png used on input line 1033.
(pdftex.def)             Requested size: 731.73196pt x 461.72388pt.
 [22]
Underfull \hbox (badness 10000) in paragraph at lines 1035--1036

 []


Underfull \vbox (badness 10000) detected at line 1053
 []

[23 <./2014_Osler_Data_Analysis_files/2014_Osler_Data_Analysis_45_1.png>]
LaTeX Font Info:    Try loading font information for OMS+cmtt on input line 1098.
LaTeX Font Info:    No file OMScmtt.fd. on input line 1098.


LaTeX Font Warning: Font shape `OMS/cmtt/m/n' undefined
(Font)              using `OMS/cmsy/m/n' instead
(Font)              for symbol `textbackslash' on input line 1098.

[24] [25]

Package hyperref Warning: Difference (2) between bookmark levels is greater 
(hyperref)                than one, level fixed on input line 1223.

<2014_Osler_Data_Analysis_files/2014_Osler_Data_Analysis_59_1.png, id=295, 229.85875pt x 215.80624pt>
File: 2014_Osler_Data_Analysis_files/2014_Osler_Data_Analysis_59_1.png Graphic file (type png)
 <use 2014_Osler_Data_Analysis_files/2014_Osler_Data_Analysis_59_1.png>
Package pdftex.def Info: 2014_Osler_Data_Analysis_files/2014_Osler_Data_Analysis_59_1.png used on input line 1251.
(pdftex.def)             Requested size: 229.85817pt x 215.80571pt.

Underfull \hbox (badness 10000) in paragraph at lines 1253--1254

 []

<2014_Osler_Data_Analysis_files/2014_Osler_Data_Analysis_59_2.png, id=296, 222.8325pt x 215.80624pt>
File: 2014_Osler_Data_Analysis_files/2014_Osler_Data_Analysis_59_2.png Graphic file (type png)
 <use 2014_Osler_Data_Analysis_files/2014_Osler_Data_Analysis_59_2.png>
Package pdftex.def Info: 2014_Osler_Data_Analysis_files/2014_Osler_Data_Analysis_59_2.png used on input line 1256.
(pdftex.def)             Requested size: 222.83195pt x 215.80571pt.
 [26 <./2014_Osler_Data_Analysis_files/2014_Osler_Data_Analysis_59_1.png>]
Underfull \hbox (badness 10000) in paragraph at lines 1258--1259

 []

<2014_Osler_Data_Analysis_files/2014_Osler_Data_Analysis_59_3.png, id=302, 226.8475pt x 215.80624pt>
File: 2014_Osler_Data_Analysis_files/2014_Osler_Data_Analysis_59_3.png Graphic file (type png)
 <use 2014_Osler_Data_Analysis_files/2014_Osler_Data_Analysis_59_3.png>
Package pdftex.def Info: 2014_Osler_Data_Analysis_files/2014_Osler_Data_Analysis_59_3.png used on input line 1261.
(pdftex.def)             Requested size: 226.84694pt x 215.80571pt.

Underfull \hbox (badness 10000) in paragraph at lines 1263--1264

 []

[27 <./2014_Osler_Data_Analysis_files/2014_Osler_Data_Analysis_59_2.png> <./2014_Osler_Data_Analysis_files/2014_Osler_Data_Analysis_59_3.png>] <2014_Osler_Data_Analysis_files/2014_Osler_Data_Analysis_62_1.png, id=309, 229.85875pt x 215.80624pt>
File: 2014_Osler_Data_Analysis_files/2014_Osler_Data_Analysis_62_1.png Graphic file (type png)
 <use 2014_Osler_Data_Analysis_files/2014_Osler_Data_Analysis_62_1.png>
Package pdftex.def Info: 2014_Osler_Data_Analysis_files/2014_Osler_Data_Analysis_62_1.png used on input line 1302.
(pdftex.def)             Requested size: 229.85817pt x 215.80571pt.

Underfull \hbox (badness 10000) in paragraph at lines 1304--1305

 []

<2014_Osler_Data_Analysis_files/2014_Osler_Data_Analysis_62_2.png, id=310, 229.85875pt x 215.80624pt>
File: 2014_Osler_Data_Analysis_files/2014_Osler_Data_Analysis_62_2.png Graphic file (type png)
 <use 2014_Osler_Data_Analysis_files/2014_Osler_Data_Analysis_62_2.png>
Package pdftex.def Info: 2014_Osler_Data_Analysis_files/2014_Osler_Data_Analysis_62_2.png used on input line 1307.
(pdftex.def)             Requested size: 229.85817pt x 215.80571pt.
 [28 <./2014_Osler_Data_Analysis_files/2014_Osler_Data_Analysis_62_1.png>]
Underfull \hbox (badness 10000) in paragraph at lines 1309--1310

 []

<2014_Osler_Data_Analysis_files/2014_Osler_Data_Analysis_62_3.png, id=316, 226.8475pt x 215.80624pt>
File: 2014_Osler_Data_Analysis_files/2014_Osler_Data_Analysis_62_3.png Graphic file (type png)
 <use 2014_Osler_Data_Analysis_files/2014_Osler_Data_Analysis_62_3.png>
Package pdftex.def Info: 2014_Osler_Data_Analysis_files/2014_Osler_Data_Analysis_62_3.png used on input line 1312.
(pdftex.def)             Requested size: 226.84694pt x 215.80571pt.

Underfull \hbox (badness 10000) in paragraph at lines 1314--1315

 []

[29 <./2014_Osler_Data_Analysis_files/2014_Osler_Data_Analysis_62_2.png> <./2014_Osler_Data_Analysis_files/2014_Osler_Data_Analysis_62_3.png>] (/usr/local/texlive/2013/texmf-dist/tex/latex/ucs/data/uni-0.def
File: uni-0.def 2013/05/13 UCS: Unicode data U+0000..U+00FF
)
Underfull \vbox (badness 10000) detected at line 1355
 []

LaTeX Font Info:    Try loading font information for OMS+cmr on input line 1382.
(/usr/local/texlive/2013/texmf-dist/tex/latex/base/omscmr.fd
File: omscmr.fd 1999/05/25 v2.5h Standard LaTeX font definitions
)
LaTeX Font Info:    Font shape `OMS/cmr/m/n' in size <10> not available
(Font)              Font shape `OMS/cmsy/m/n' tried instead on input line 1382.

Underfull \hbox (badness 10000) in paragraph at lines 1391--1397

 []

<2014_Osler_Data_Analysis_files/2014_Osler_Data_Analysis_72_0.pdf, id=325, 236.49475pt x 235.02524pt>
File: 2014_Osler_Data_Analysis_files/2014_Osler_Data_Analysis_72_0.pdf Graphic file (type pdf)
 <use 2014_Osler_Data_Analysis_files/2014_Osler_Data_Analysis_72_0.pdf>
Package pdftex.def Info: 2014_Osler_Data_Analysis_files/2014_Osler_Data_Analysis_72_0.pdf used on input line 1419.
(pdftex.def)             Requested size: 236.49416pt x 235.02464pt.
 [30]
Underfull \hbox (badness 10000) in paragraph at lines 1421--1422

 []

[31 <./2014_Osler_Data_Analysis_files/2014_Osler_Data_Analysis_72_0.pdf>] [32] [33] <2014_Osler_Data_Analysis_files/2014_Osler_Data_Analysis_86_0.png, id=349, 405.515pt x 272.01625pt>
File: 2014_Osler_Data_Analysis_files/2014_Osler_Data_Analysis_86_0.png Graphic file (type png)
 <use 2014_Osler_Data_Analysis_files/2014_Osler_Data_Analysis_86_0.png>
Package pdftex.def Info: 2014_Osler_Data_Analysis_files/2014_Osler_Data_Analysis_86_0.png used on input line 1618.
(pdftex.def)             Requested size: 405.51399pt x 272.01558pt.

Underfull \hbox (badness 10000) in paragraph at lines 1620--1621

 []

[34 <./2014_Osler_Data_Analysis_files/2014_Osler_Data_Analysis_86_0.png>] <2014_Osler_Data_Analysis_files/2014_Osler_Data_Analysis_90_0.png, id=355, 461.725pt x 461.725pt>
File: 2014_Osler_Data_Analysis_files/2014_Osler_Data_Analysis_90_0.png Graphic file (type png)
 <use 2014_Osler_Data_Analysis_files/2014_Osler_Data_Analysis_90_0.png>
Package pdftex.def Info: 2014_Osler_Data_Analysis_files/2014_Osler_Data_Analysis_90_0.png used on input line 1703.
(pdftex.def)             Requested size: 461.72388pt x 461.72388pt.
 [35]
Underfull \hbox (badness 10000) in paragraph at lines 1705--1706

 []

[36 <./2014_Osler_Data_Analysis_files/2014_Osler_Data_Analysis_90_0.png>] [37] <2014_Osler_Data_Analysis_files/2014_Osler_Data_Analysis_96_0.png, id=370, 850.17625pt x 276.03125pt>
File: 2014_Osler_Data_Analysis_files/2014_Osler_Data_Analysis_96_0.png Graphic file (type png)
 <use 2014_Osler_Data_Analysis_files/2014_Osler_Data_Analysis_96_0.png>
Package pdftex.def Info: 2014_Osler_Data_Analysis_files/2014_Osler_Data_Analysis_96_0.png used on input line 1800.
(pdftex.def)             Requested size: 850.17418pt x 276.03056pt.

Underfull \hbox (badness 10000) in paragraph at lines 1802--1803

 []

[38 <./2014_Osler_Data_Analysis_files/2014_Osler_Data_Analysis_96_0.png>] [39] <2014_Osler_Data_Analysis_files/2014_Osler_Data_Analysis_102_1.png, id=380, 400.49625pt x 282.05376pt>
File: 2014_Osler_Data_Analysis_files/2014_Osler_Data_Analysis_102_1.png Graphic file (type png)
 <use 2014_Osler_Data_Analysis_files/2014_Osler_Data_Analysis_102_1.png>
Package pdftex.def Info: 2014_Osler_Data_Analysis_files/2014_Osler_Data_Analysis_102_1.png used on input line 1910.
(pdftex.def)             Requested size: 400.49527pt x 282.05305pt.

Underfull \hbox (badness 10000) in paragraph at lines 1912--1913

 []

<2014_Osler_Data_Analysis_files/2014_Osler_Data_Analysis_102_2.png, id=381, 716.6775pt x 282.05376pt>
File: 2014_Osler_Data_Analysis_files/2014_Osler_Data_Analysis_102_2.png Graphic file (type png)
 <use 2014_Osler_Data_Analysis_files/2014_Osler_Data_Analysis_102_2.png>
Package pdftex.def Info: 2014_Osler_Data_Analysis_files/2014_Osler_Data_Analysis_102_2.png used on input line 1915.
(pdftex.def)             Requested size: 716.67577pt x 282.05305pt.

Underfull \hbox (badness 10000) in paragraph at lines 1917--1918

 []

[40 <./2014_Osler_Data_Analysis_files/2014_Osler_Data_Analysis_102_1.png> <./2014_Osler_Data_Analysis_files/2014_Osler_Data_Analysis_102_2.png>] [41] [42] [43] [44] [45] [46] [47] [48] [49] [50] [51] [52] [53] [54]
Package atveryend Info: Empty hook `BeforeClearDocument' on input line 2706.
 [55]
Package atveryend Info: Empty hook `AfterLastShipout' on input line 2706.
 (/Users/polarwander/2014_Swanson-Hysell-et-al_Osler/2014_Osler_Code/.texpadtmp/2014_Osler_Data_Analysis.aux)
Package atveryend Info: Executing hook `AtVeryEndDocument' on input line 2706.
Package atveryend Info: Executing hook `AtEndAfterFileList' on input line 2706.
Package rerunfilecheck Info: File `2014_Osler_Data_Analysis.out' has not changed.
(rerunfilecheck)             Checksum: <no file>.


LaTeX Font Warning: Some font shapes were not available, defaults substituted.

Package atveryend Info: Empty hook `AtVeryVeryEnd' on input line 2706.
 ) 
Here is how much of TeX's memory you used:
 10234 strings out of 493315
 160277 string characters out of 6137904
 286851 words of memory out of 5000000
 13419 multiletter control sequences out of 15000+600000
 12353 words of font info for 49 fonts, out of 8000000 for 9000
 957 hyphenation exceptions out of 8191
 36i,9n,75p,2176b,603s stack positions out of 5000i,500n,10000p,200000b,80000s
</usr/local/texlive/2013/texmf-dist/fonts/type1/public/amsfonts/cm/cmbx10.pfb></usr/local/texlive/2013/texmf-dist/fonts/type1/public/amsfonts/cm/cmbx12.pfb></usr/local/texlive/2013/texmf-dist/fonts/type1/public/amsfonts/cm/cmitt10.pfb></usr/local/texlive/2013/texmf-dist/fonts/type1/public/amsfonts/cm/cmmi10.pfb></usr/local/texlive/2013/texmf-dist/fonts/type1/public/amsfonts/cm/cmmi7.pfb></usr/local/texlive/2013/texmf-dist/fonts/type1/public/amsfonts/cm/cmr10.pfb></usr/local/texlive/2013/texmf-dist/fonts/type1/public/amsfonts/cm/cmr12.pfb></usr/local/texlive/2013/texmf-dist/fonts/type1/public/amsfonts/cm/cmr17.pfb></usr/local/texlive/2013/texmf-dist/fonts/type1/public/amsfonts/cm/cmr6.pfb></usr/local/texlive/2013/texmf-dist/fonts/type1/public/amsfonts/cm/cmr7.pfb></usr/local/texlive/2013/texmf-dist/fonts/type1/public/amsfonts/cm/cmsy10.pfb></usr/local/texlive/2013/texmf-dist/fonts/type1/public/amsfonts/cm/cmti10.pfb></usr/local/texlive/2013/texmf-dist/fonts/type1/public/amsfonts/cm/cmtt10.pfb>
Output written on /Users/polarwander/2014_Swanson-Hysell-et-al_Osler/2014_Osler_Code/.texpadtmp/2014_Osler_Data_Analysis.pdf (55 pages, 863078 bytes).
PDF statistics:
 518 PDF objects out of 1000 (max. 8388607)
 379 compressed objects within 4 object streams
 95 named destinations out of 1000 (max. 500000)
 398 words of extra memory for PDF output out of 10000 (max. 10000000)

